TN:
SF:/Users/scriptbees/dev/git/POC/angularunit-poc/src/polyfills.ts
FNF:0
FNH:0
DA:45,1
DA:72,1
LF:2
LH:2
BRF:0
BRH:0
end_of_record
TN:
SF:/Users/scriptbees/dev/git/POC/angularunit-poc/src/test.ts
FNF:0
FNH:0
DA:6,1
DA:7,1
DA:8,1
DA:13,1
DA:15,1
DA:17,1
LF:6
LH:6
BRF:0
BRH:0
end_of_record
TN:
SF:/Users/scriptbees/dev/git/POC/angularunit-poc/src/app/app.component.ts
FN:19,AppComponent
FN:27,(anonymous_4)
FN:38,(anonymous_5)
FN:43,(anonymous_6)
FN:50,(anonymous_7)
FN:51,(anonymous_8)
FN:53,(anonymous_9)
FNF:7
FNH:1
FNDA:1,AppComponent
FNDA:0,(anonymous_4)
FNDA:0,(anonymous_5)
FNDA:0,(anonymous_6)
FNDA:0,(anonymous_7)
FNDA:0,(anonymous_8)
FNDA:0,(anonymous_9)
DA:1,1
DA:2,1
DA:3,1
DA:4,1
DA:5,1
DA:6,1
DA:8,1
DA:9,1
DA:11,1
DA:18,1
DA:20,1
DA:21,1
DA:22,1
DA:23,1
DA:24,1
DA:27,1
DA:30,0
DA:33,0
DA:36,0
DA:38,0
DA:41,0
DA:44,0
DA:46,0
DA:48,0
DA:50,0
DA:51,0
DA:54,0
DA:56,0
DA:60,1
LF:29
LH:17
BRF:0
BRH:0
end_of_record
TN:
SF:/Users/scriptbees/dev/git/POC/angularunit-poc/src/app/about/about.component.ts
FN:13,AboutComponent
FN:15,(anonymous_4)
FNF:2
FNH:2
FNDA:1,AboutComponent
FNDA:1,(anonymous_4)
DA:1,1
DA:3,1
DA:10,1
DA:11,1
DA:15,1
DA:16,1
LF:6
LH:6
BRF:0
BRH:0
end_of_record
TN:
SF:/Users/scriptbees/dev/git/POC/angularunit-poc/src/app/core/core.module.ts
FN:37,CoreModule
FNF:1
FNH:1
FNDA:6,CoreModule
DA:1,1
DA:2,1
DA:3,1
DA:4,1
DA:5,1
DA:6,1
DA:7,1
DA:8,1
DA:9,1
DA:10,1
DA:11,1
DA:12,1
DA:13,1
DA:14,1
DA:36,1
DA:40,0
DA:43,1
LF:17
LH:16
BRF:0
BRH:0
end_of_record
TN:
SF:/Users/scriptbees/dev/git/POC/angularunit-poc/src/app/core/i18n.service.ts
FN:18,extract
FN:27,I18nService
FN:39,(anonymous_5)
FN:44,(anonymous_6)
FN:79,(anonymous_7)
FN:55,(anonymous_8)
FN:62,(anonymous_9)
FNF:7
FNH:7
FNDA:2,extract
FNDA:11,I18nService
FNDA:6,(anonymous_5)
FNDA:3,(anonymous_6)
FNDA:7,(anonymous_7)
FNDA:9,(anonymous_8)
FNDA:6,(anonymous_9)
DA:1,1
DA:2,1
DA:3,1
DA:5,1
DA:6,1
DA:7,1
DA:9,1
DA:10,1
DA:18,1
DA:19,2
DA:23,1
DA:27,11
DA:29,11
DA:30,11
DA:39,1
DA:40,6
DA:41,6
DA:42,6
DA:44,6
DA:45,3
DA:56,9
DA:57,9
DA:61,2
DA:62,6
DA:63,2
DA:68,1
DA:71,9
DA:72,9
DA:80,7
DA:82,1
LF:30
LH:30
BRDA:56,0,0,9
BRDA:56,0,1,6
BRDA:56,0,2,5
BRDA:60,1,0,9
BRDA:60,1,1,9
BRDA:62,2,0,2
BRDA:62,2,1,1
BRF:7
BRH:7
end_of_record
TN:
SF:/Users/scriptbees/dev/git/POC/angularunit-poc/src/app/core/index.ts
FNF:0
FNH:0
DA:1,1
DA:2,1
DA:3,1
DA:4,1
DA:5,1
DA:6,1
DA:7,1
DA:8,1
DA:9,1
DA:10,1
DA:11,1
DA:12,1
LF:12
LH:12
BRF:0
BRH:0
end_of_record
TN:
SF:/Users/scriptbees/dev/git/POC/angularunit-poc/src/app/core/logger.service.ts
FN:37,(anonymous_0)
FN:70,Logger
FN:66,(anonymous_3)
FN:76,(anonymous_4)
FN:84,(anonymous_5)
FN:92,(anonymous_6)
FN:100,(anonymous_7)
FN:104,(anonymous_8)
FN:108,(anonymous_9)
FNF:9
FNH:9
FNDA:1,(anonymous_0)
FNDA:9,Logger
FNDA:1,(anonymous_3)
FNDA:48,(anonymous_4)
FNDA:2,(anonymous_5)
FNDA:2,(anonymous_6)
FNDA:4,(anonymous_7)
FNDA:56,(anonymous_8)
FNDA:12,(anonymous_9)
DA:37,1
DA:38,1
DA:39,1
DA:40,1
DA:41,1
DA:42,1
DA:50,1
DA:55,1
DA:60,1
DA:66,1
DA:67,1
DA:70,9
DA:76,96
DA:77,48
DA:84,4
DA:85,2
DA:92,4
DA:93,2
DA:100,12
DA:101,4
DA:104,56
DA:106,54
DA:107,54
DA:108,54
DA:111,1
LF:25
LH:25
BRDA:37,0,0,1
BRDA:37,0,1,1
BRDA:106,1,0,54
BRDA:106,1,1,0
BRF:4
BRH:3
end_of_record
TN:
SF:/Users/scriptbees/dev/git/POC/angularunit-poc/src/app/core/route-reusable-strategy.ts
FN:8,(anonymous_5)
FN:9,(anonymous_7)
FN:13,(anonymous_8)
FN:15,(anonymous_9)
FN:19,(anonymous_10)
FN:23,(anonymous_11)
FNF:6
FNH:1
FNDA:1,(anonymous_5)
FNDA:0,(anonymous_7)
FNDA:0,(anonymous_8)
FNDA:0,(anonymous_9)
FNDA:0,(anonymous_10)
FNDA:0,(anonymous_11)
DA:1,1
DA:8,1
DA:9,1
DA:10,0
DA:13,1
DA:15,1
DA:16,0
DA:19,1
DA:20,0
DA:23,1
DA:24,0
DA:26,1
LF:12
LH:8
BRDA:24,0,0,0
BRDA:24,0,1,0
BRF:2
BRH:0
end_of_record
TN:
SF:/Users/scriptbees/dev/git/POC/angularunit-poc/src/app/core/authentication/authentication.guard.ts
FN:11,AuthenticationGuard
FN:13,(anonymous_4)
FNF:2
FNH:2
FNDA:3,AuthenticationGuard
FNDA:2,(anonymous_4)
DA:1,1
DA:2,1
DA:4,1
DA:5,1
DA:7,1
DA:10,1
DA:11,3
DA:13,1
DA:15,1
DA:18,1
DA:19,1
DA:20,1
DA:22,1
LF:13
LH:13
BRF:0
BRH:0
end_of_record
TN:
SF:/Users/scriptbees/dev/git/POC/angularunit-poc/src/app/core/authentication/authentication.service.mock.ts
FN:5,(anonymous_0)
FN:11,(anonymous_2)
FN:18,(anonymous_3)
FN:23,(anonymous_4)
FNF:4
FNH:2
FNDA:6,(anonymous_0)
FNDA:0,(anonymous_2)
FNDA:0,(anonymous_3)
FNDA:2,(anonymous_4)
DA:1,1
DA:5,1
DA:6,5
DA:11,1
DA:12,0
DA:18,1
DA:19,0
DA:20,0
DA:23,1
DA:24,2
DA:26,1
LF:11
LH:8
BRF:0
BRH:0
end_of_record
TN:
SF:/Users/scriptbees/dev/git/POC/angularunit-poc/src/app/core/authentication/authentication.service.ts
FN:26,AuthenticationService
FN:38,(anonymous_4)
FN:52,(anonymous_5)
FN:62,(anonymous_6)
FN:70,(anonymous_7)
FN:81,(anonymous_8)
FNF:6
FNH:6
FNDA:7,AuthenticationService
FNDA:6,(anonymous_4)
FNDA:2,(anonymous_5)
FNDA:6,(anonymous_6)
FNDA:12,(anonymous_7)
FNDA:8,(anonymous_8)
DA:1,1
DA:2,1
DA:16,1
DA:23,1
DA:27,7
DA:29,0
DA:38,1
DA:44,6
DA:45,6
DA:52,1
DA:54,2
DA:55,2
DA:62,1
DA:63,6
DA:71,12
DA:81,1
DA:82,8
DA:85,6
DA:86,6
DA:88,2
DA:89,2
DA:92,1
LF:22
LH:21
BRDA:27,0,0,7
BRDA:27,0,1,7
BRDA:82,1,0,8
BRDA:82,1,1,2
BRDA:85,2,0,2
BRDA:85,2,1,4
BRF:6
BRH:6
end_of_record
TN:
SF:/Users/scriptbees/dev/git/POC/angularunit-poc/src/app/core/http/api-prefix.interceptor.ts
FN:11,ApiPrefixInterceptor
FN:12,(anonymous_3)
FNF:2
FNH:2
FNDA:9,ApiPrefixInterceptor
FNDA:8,(anonymous_3)
DA:1,1
DA:5,1
DA:11,1
DA:12,1
DA:14,7
DA:16,8
DA:18,1
LF:7
LH:7
BRF:0
BRH:0
end_of_record
TN:
SF:/Users/scriptbees/dev/git/POC/angularunit-poc/src/app/core/http/cache.interceptor.ts
FN:15,CacheInterceptor
FN:22,(anonymous_4)
FN:30,(anonymous_5)
FN:35,(anonymous_6)
FN:43,(anonymous_7)
FN:49,(anonymous_8)
FN:50,(anonymous_9)
FNF:7
FNH:7
FNDA:17,CacheInterceptor
FNDA:9,(anonymous_4)
FNDA:8,(anonymous_5)
FNDA:8,(anonymous_6)
FNDA:11,(anonymous_7)
FNDA:2,(anonymous_8)
FNDA:4,(anonymous_9)
DA:1,1
DA:2,1
DA:3,1
DA:5,1
DA:12,1
DA:13,17
DA:15,17
DA:22,1
DA:23,9
DA:25,2
DA:27,9
DA:30,8
DA:32,0
DA:35,8
DA:36,8
DA:39,1
DA:40,1
DA:42,7
DA:45,4
DA:47,11
DA:49,2
DA:50,4
DA:55,1
LF:23
LH:22
BRDA:24,0,0,9
BRDA:24,0,1,6
BRDA:36,1,0,1
BRDA:36,1,1,7
BRF:4
BRH:4
end_of_record
TN:
SF:/Users/scriptbees/dev/git/POC/angularunit-poc/src/app/core/http/error-handler.interceptor.ts
FN:15,ErrorHandlerInterceptor
FN:16,(anonymous_3)
FN:17,(anonymous_4)
FN:21,(anonymous_5)
FNF:4
FNH:4
FNDA:8,ErrorHandlerInterceptor
FNDA:7,(anonymous_3)
FNDA:2,(anonymous_4)
FNDA:2,(anonymous_5)
DA:1,1
DA:4,1
DA:6,1
DA:7,1
DA:9,1
DA:15,1
DA:16,7
DA:17,7
DA:21,1
DA:24,2
DA:26,2
DA:28,1
LF:12
LH:12
BRF:0
BRH:0
end_of_record
TN:
SF:/Users/scriptbees/dev/git/POC/angularunit-poc/src/app/core/http/http-cache.service.ts
FN:23,HttpCacheService
FN:33,(anonymous_4)
FN:47,(anonymous_5)
FN:63,(anonymous_6)
FN:71,(anonymous_7)
FN:81,(anonymous_8)
FN:83,(anonymous_9)
FN:100,(anonymous_10)
FN:106,(anonymous_11)
FN:112,(anonymous_12)
FNF:10
FNH:10
FNDA:27,HttpCacheService
FNDA:22,(anonymous_4)
FNDA:27,(anonymous_5)
FNDA:4,(anonymous_6)
FNDA:2,(anonymous_7)
FNDA:30,(anonymous_8)
FNDA:3,(anonymous_9)
FNDA:6,(anonymous_10)
FNDA:54,(anonymous_11)
FNDA:33,(anonymous_12)
DA:1,1
DA:3,1
DA:5,1
DA:7,1
DA:8,1
DA:19,1
DA:20,27
DA:21,27
DA:24,27
DA:33,1
DA:34,22
DA:38,22
DA:39,22
DA:47,1
DA:48,27
DA:51,12
DA:52,12
DA:55,15
DA:63,1
DA:64,4
DA:71,1
DA:72,2
DA:73,2
DA:74,2
DA:81,30
DA:83,2
DA:85,2
DA:89,28
DA:91,30
DA:100,1
DA:101,6
DA:102,6
DA:103,6
DA:106,1
DA:108,2
DA:112,1
DA:113,33
DA:114,33
DA:116,1
LF:39
LH:39
BRDA:35,0,0,22
BRDA:35,0,1,19
BRDA:64,1,0,4
BRDA:64,1,1,1
BRDA:102,2,0,3
BRDA:102,2,1,3
BRDA:102,3,0,6
BRDA:102,3,1,4
BRDA:113,4,0,3
BRDA:113,4,1,30
BRDA:114,5,0,0
BRDA:114,5,1,33
BRF:12
BRH:11
end_of_record
TN:
SF:/Users/scriptbees/dev/git/POC/angularunit-poc/src/app/core/http/http.service.ts
FN:37,(anonymous_9)
FN:38,HttpInterceptorHandler
FN:40,(anonymous_11)
FN:60,HttpService
FN:73,(anonymous_14)
FN:78,(anonymous_15)
FN:82,(anonymous_16)
FN:87,(anonymous_17)
FN:89,(anonymous_18)
FN:95,(anonymous_19)
FN:99,(anonymous_20)
FN:103,(anonymous_21)
FNF:12
FNH:12
FNDA:1,(anonymous_9)
FNDA:16,HttpInterceptorHandler
FNDA:16,(anonymous_11)
FNDA:13,HttpService
FNDA:4,(anonymous_14)
FNDA:1,(anonymous_15)
FNDA:1,(anonymous_16)
FNDA:7,(anonymous_17)
FNDA:16,(anonymous_18)
FNDA:2,(anonymous_19)
FNDA:4,(anonymous_20)
FNDA:4,(anonymous_21)
DA:1,1
DA:2,1
DA:5,1
DA:6,1
DA:7,1
DA:37,1
DA:38,16
DA:40,1
DA:41,16
DA:43,1
DA:53,1
DA:59,1
DA:61,13
DA:62,13
DA:63,13
DA:65,13
DA:69,7
DA:73,1
DA:74,4
DA:75,4
DA:78,1
DA:79,1
DA:82,1
DA:83,1
DA:87,1
DA:88,7
DA:89,16
DA:92,7
DA:95,1
DA:96,2
DA:99,4
DA:103,1
DA:104,4
DA:106,1
LF:34
LH:34
BRDA:63,0,0,0
BRDA:63,0,1,13
BRDA:65,1,0,13
BRDA:65,1,1,13
BRF:4
BRH:3
end_of_record
TN:
SF:/Users/scriptbees/dev/git/POC/angularunit-poc/src/app/home/home.component.ts
FN:15,HomeComponent
FN:17,(anonymous_4)
FN:22,(anonymous_5)
FN:26,(anonymous_6)
FNF:4
FNH:2
FNDA:1,HomeComponent
FNDA:1,(anonymous_4)
FNDA:0,(anonymous_5)
FNDA:0,(anonymous_6)
DA:1,1
DA:2,1
DA:4,1
DA:11,1
DA:15,1
DA:17,1
DA:18,1
DA:19,1
DA:23,0
DA:27,0
DA:30,1
LF:11
LH:9
BRF:0
BRH:0
end_of_record
TN:
SF:/Users/scriptbees/dev/git/POC/angularunit-poc/src/app/home/quote.service.ts
FN:7,(anonymous_2)
FN:17,QuoteService
FN:19,(anonymous_5)
FN:24,(anonymous_6)
FN:25,(anonymous_7)
FNF:5
FNH:5
FNDA:3,(anonymous_2)
FNDA:3,QuoteService
FNDA:3,(anonymous_5)
FNDA:1,(anonymous_6)
FNDA:1,(anonymous_7)
DA:1,1
DA:2,1
DA:3,1
DA:4,1
DA:7,3
DA:16,1
DA:17,3
DA:19,1
DA:20,3
DA:24,1
DA:25,1
DA:28,1
LF:12
LH:12
BRF:0
BRH:0
end_of_record
TN:
SF:/Users/scriptbees/dev/git/POC/angularunit-poc/src/app/login/login.component.ts
FN:22,LoginComponent
FN:31,(anonymous_4)
FN:33,(anonymous_5)
FN:38,(anonymous_6)
FN:44,(anonymous_7)
FN:48,(anonymous_8)
FN:55,(anonymous_9)
FN:59,(anonymous_10)
FN:63,(anonymous_11)
FN:67,(anonymous_12)
FNF:10
FNH:5
FNDA:1,LoginComponent
FNDA:1,(anonymous_4)
FNDA:0,(anonymous_5)
FNDA:0,(anonymous_6)
FNDA:0,(anonymous_7)
FNDA:0,(anonymous_8)
FNDA:0,(anonymous_9)
FNDA:2,(anonymous_10)
FNDA:2,(anonymous_11)
FNDA:1,(anonymous_12)
DA:1,1
DA:2,1
DA:3,1
DA:4,1
DA:6,1
DA:7,1
DA:9,1
DA:16,1
DA:17,1
DA:20,1
DA:23,1
DA:24,1
DA:25,1
DA:26,1
DA:28,1
DA:31,1
DA:33,1
DA:34,0
DA:35,0
DA:39,0
DA:40,0
DA:45,0
DA:46,0
DA:49,0
DA:50,0
DA:55,1
DA:56,0
DA:60,2
DA:64,2
DA:67,1
DA:68,1
DA:74,1
LF:32
LH:23
BRF:0
BRH:0
end_of_record
TN:
SF:/Users/scriptbees/dev/git/POC/angularunit-poc/src/app/shared/index.ts
FNF:0
FNH:0
DA:1,1
DA:2,1
LF:2
LH:2
BRF:0
BRH:0
end_of_record
TN:
SF:/Users/scriptbees/dev/git/POC/angularunit-poc/src/app/shared/shared.module.ts
FN:11,SharedModule
FNF:1
FNH:1
FNDA:1,SharedModule
DA:1,1
DA:2,1
DA:4,1
DA:11,1
LF:4
LH:4
BRF:0
BRH:0
end_of_record
TN:
SF:/Users/scriptbees/dev/git/POC/angularunit-poc/src/app/shared/loader/loader.component.ts
FN:12,LoaderComponent
FN:14,(anonymous_4)
FNF:2
FNH:2
FNDA:5,LoaderComponent
FNDA:5,(anonymous_4)
DA:1,1
DA:8,1
DA:9,5
DA:10,1
DA:14,1
DA:15,1
LF:6
LH:6
BRF:0
BRH:0
end_of_record
TN:
SF:/Users/scriptbees/dev/git/POC/angularunit-poc/src/app/shell/shell.component.ts
FN:9,ShellComponent
FN:11,(anonymous_4)
FNF:2
FNH:2
FNDA:1,ShellComponent
FNDA:1,(anonymous_4)
DA:1,1
DA:8,1
DA:11,1
DA:12,1
LF:4
LH:4
BRF:0
BRH:0
end_of_record
TN:
SF:/Users/scriptbees/dev/git/POC/angularunit-poc/src/app/shell/shell.module.ts
FN:14,ShellModule
FNF:1
FNH:1
FNDA:1,ShellModule
DA:1,1
DA:2,1
DA:3,1
DA:4,1
DA:5,1
DA:7,1
DA:8,1
DA:14,1
LF:8
LH:8
BRF:0
BRH:0
end_of_record
TN:
SF:/Users/scriptbees/dev/git/POC/angularunit-poc/src/app/shell/shell.service.ts
FN:9,(anonymous_0)
FN:15,(anonymous_2)
FNF:2
FNH:2
FNDA:1,(anonymous_0)
FNDA:1,(anonymous_2)
DA:3,1
DA:4,1
DA:9,1
DA:15,1
DA:16,1
DA:25,1
LF:6
LH:6
BRF:0
BRH:0
end_of_record
TN:
SF:/Users/scriptbees/dev/git/POC/angularunit-poc/src/app/shell/header/header.component.ts
FN:14,HeaderComponent
FN:20,(anonymous_4)
FN:22,(anonymous_5)
FN:26,(anonymous_6)
FN:30,(anonymous_7)
FN:31,(anonymous_8)
FN:34,(anonymous_9)
FN:38,(anonymous_10)
FN:42,(anonymous_11)
FNF:9
FNH:5
FNDA:2,HeaderComponent
FNDA:2,(anonymous_4)
FNDA:0,(anonymous_5)
FNDA:0,(anonymous_6)
FNDA:0,(anonymous_7)
FNDA:0,(anonymous_8)
FNDA:4,(anonymous_9)
FNDA:4,(anonymous_10)
FNDA:4,(anonymous_11)
DA:1,1
DA:2,1
DA:4,1
DA:11,1
DA:12,2
DA:15,2
DA:16,2
DA:17,2
DA:20,1
DA:22,1
DA:23,0
DA:26,1
DA:27,0
DA:30,1
DA:31,0
DA:35,4
DA:39,4
DA:43,4
DA:44,4
DA:46,1
LF:20
LH:17
BRDA:44,0,0,4
BRDA:44,0,1,0
BRF:2
BRH:1
end_of_record
TN:
SF:/Users/scriptbees/dev/git/POC/angularunit-poc/src/app/testcoverage/testcoverage.component.ts
FN:8,TestcoverageComponent
FN:9,(anonymous_4)
FN:11,(anonymous_5)
FN:18,(anonymous_6)
FNF:4
FNH:4
FNDA:11,TestcoverageComponent
FNDA:1,(anonymous_4)
FNDA:4,(anonymous_5)
FNDA:5,(anonymous_6)
DA:1,1
DA:7,1
DA:9,1
DA:11,1
DA:13,1
DA:15,3
DA:18,1
DA:21,1
DA:23,1
DA:25,3
DA:28,1
LF:11
LH:11
BRDA:20,0,0,1
BRDA:20,0,1,1
BRDA:20,0,2,3
BRF:3
BRH:3
end_of_record
TN:
SF:/Users/scriptbees/dev/git/POC/angularunit-poc/src/app/testcoverage/testcoverage.pipe.ts
FN:6,TestcoveragePipe
FN:8,(anonymous_3)
FNF:2
FNH:2
FNDA:1,TestcoveragePipe
FNDA:1,(anonymous_3)
DA:1,1
DA:6,1
DA:8,1
DA:9,1
DA:15,1
LF:5
LH:5
BRF:0
BRH:0
end_of_record
TN:
SF:/Users/scriptbees/dev/git/POC/angularunit-poc/src/app/testcoverage/testcoverage.service.ts
FN:11,TestcoverageService
FN:13,(anonymous_4)
FNF:2
FNH:2
FNDA:1,TestcoverageService
FNDA:1,(anonymous_4)
DA:1,1
DA:3,1
DA:9,1
DA:11,1
DA:13,1
DA:21,1
DA:23,1
LF:7
LH:7
BRF:0
BRH:0
end_of_record
TN:
SF:/Users/scriptbees/dev/git/POC/angularunit-poc/src/app/todo-list/search.pipe.ts
FN:6,SearchPipe
FN:8,(anonymous_3)
FNF:2
FNH:2
FNDA:5,SearchPipe
FNDA:3,(anonymous_3)
DA:1,1
DA:6,1
DA:8,1
DA:9,3
DA:12,1
LF:5
LH:5
BRF:0
BRH:0
end_of_record
TN:
SF:/Users/scriptbees/dev/git/POC/angularunit-poc/src/app/todo-list/todo-list-routing.module.ts
FN:12,TodoListRoutingModule
FNF:1
FNH:1
FNDA:4,TodoListRoutingModule
DA:1,1
DA:2,1
DA:3,1
DA:4,1
DA:6,1
DA:12,1
LF:6
LH:6
BRF:0
BRH:0
end_of_record
TN:
SF:/Users/scriptbees/dev/git/POC/angularunit-poc/src/app/todo-list/todo-list.component.ts
FN:15,TodoListComponent
FN:17,(anonymous_4)
FN:19,(anonymous_5)
FN:23,(anonymous_6)
FNF:4
FNH:4
FNDA:4,TodoListComponent
FNDA:5,(anonymous_4)
FNDA:1,(anonymous_5)
FNDA:1,(anonymous_6)
DA:1,1
DA:3,1
DA:11,1
DA:15,4
DA:17,5
DA:18,5
DA:19,5
DA:20,1
DA:23,1
DA:24,1
DA:25,1
DA:28,1
LF:12
LH:12
BRF:0
BRH:0
end_of_record
TN:
SF:/Users/scriptbees/dev/git/POC/angularunit-poc/src/app/todo-list/todo-list.module.ts
FN:17,TodoListModule
FNF:1
FNH:1
FNDA:1,TodoListModule
DA:1,1
DA:2,1
DA:4,1
DA:5,1
DA:6,1
DA:7,1
DA:17,1
LF:7
LH:7
BRF:0
BRH:0
end_of_record
TN:
SF:/Users/scriptbees/dev/git/POC/angularunit-poc/src/app/todo-list/todo-list.service.ts
FN:10,TodoListService
FN:15,(anonymous_4)
FN:19,(anonymous_5)
FNF:3
FNH:3
FNDA:5,TodoListService
FNDA:5,(anonymous_4)
FNDA:1,(anonymous_5)
DA:1,1
DA:2,1
DA:7,1
DA:11,5
DA:12,5
DA:15,1
DA:16,5
DA:19,1
DA:20,1
DA:21,1
DA:23,1
LF:11
LH:11
BRF:0
BRH:0
end_of_record
TN:
SF:/Users/scriptbees/dev/git/POC/angularunit-poc/src/environments/.env.ts
FNF:0
FNH:0
DA:1,1
LF:1
LH:1
BRF:0
BRH:0
end_of_record
TN:
SF:/Users/scriptbees/dev/git/POC/angularunit-poc/src/environments/environment.ts
FNF:0
FNH:0
DA:7,1
DA:9,1
LF:2
LH:2
BRF:0
BRH:0
end_of_record
